[2026-06-07 22:31:27] INFO: DÉBUT DE LA GÉNÉRATION DE LA PLAYLIST
[2026-06-07 22:31:27] INFO: Nombre total de chansons ŕ traiter : 0
[2026-06-07 22:31:27] INFO: FIN DE LA GÉNÉRATION DE LA PLAYLIST

[2026-06-08 06:25:15] INFO: DÉBUT DE LA GÉNÉRATION DE LA PLAYLIST
[2026-06-08 06:25:15] INFO: Nombre total de chansons ŕ traiter : 0
[2026-06-08 06:25:15] INFO: FIN DE LA GÉNÉRATION DE LA PLAYLIST

[2026-06-08 08:34:47] INFO: DeBUT DE LA GeNeRATION DE LA PLAYLIST ET DU DePLACEMENT
[2026-06-08 08:34:47] INFO: Chemin absolu initial : d:\IT.University\S6\Mr_Naina\playList-generator\songs
[2026-06-08 08:34:47] INFO: Chemin absolu cible : D:\IT.University\S6\Mr_Naina\playList-generator\.\target_songs
[2026-06-08 08:34:47] INFO: Nombre total de chansons ŕ traiter : 11
[2026-06-08 08:34:47] INFO: Traitement de la chanson : 1._Harry_James_and_Helen_Forrest_-_It_s_Been_A_Long,_Long_Time(256k).mp3
[2026-06-08 08:34:47] INFO:  - Chemin absolu initial : d:\IT.University\S6\Mr_Naina\playList-generator\songs\1._Harry_James_and_Helen_Forrest_-_It_s_Been_A_Long,_Long_Time(256k).mp3
[2026-06-08 08:34:47] INFO:  - Fichier deplace avec succčs vers : D:\IT.University\S6\Mr_Naina\playList-generator\.\target_songs\1._Harry_James_and_Helen_Forrest_-_It_s_Been_A_Long,_Long_Time(256k).mp3
[2026-06-08 08:34:47] INFO:  - Metadonnees extraites : 
[2026-06-08 08:34:47] INFO:     * ARTIST : Harry James
[2026-06-08 08:34:47] INFO:     * SampleRate : 48000
[2026-06-08 08:34:47] INFO:     * Format : Mp3
[2026-06-08 08:34:47] INFO:     * YEAR : 1999
[2026-06-08 08:34:47] INFO:     * ALBUM : Trumpet Blues: The Best Of Harry James
[2026-06-08 08:34:47] INFO:     * Duration (seconds) : 188
[2026-06-08 08:34:47] INFO:     * GENRE : Jazz
[2026-06-08 08:34:47] INFO:     * TITLE : It's Been A Long, Long Time
[2026-06-08 08:34:47] INFO:     * BitRate : 128
[2026-06-08 08:34:47] INFO:     * ALBUM_ARTIST : Harry James
[2026-06-08 08:34:47] INFO: Traitement de la chanson : AJR_-_World_s_Smallest_Violin__Lyrics_(256k).mp3
[2026-06-08 08:34:47] INFO:  - Chemin absolu initial : d:\IT.University\S6\Mr_Naina\playList-generator\songs\AJR_-_World_s_Smallest_Violin__Lyrics_(256k).mp3
[2026-06-08 08:34:47] INFO:  - Fichier deplace avec succčs vers : D:\IT.University\S6\Mr_Naina\playList-generator\.\target_songs\AJR_-_World_s_Smallest_Violin__Lyrics_(256k).mp3
[2026-06-08 08:34:47] INFO:  - Metadonnees extraites : 
[2026-06-08 08:34:47] INFO:     * ARTIST : AJR
[2026-06-08 08:34:47] INFO:     * SampleRate : 48000
[2026-06-08 08:34:47] INFO:     * Format : Mp3
[2026-06-08 08:34:47] INFO:     * YEAR : 2021
[2026-06-08 08:34:47] INFO:     * ALBUM : World's Smallest Violin
[2026-06-08 08:34:47] INFO:     * Duration (seconds) : 181
[2026-06-08 08:34:47] INFO:     * GENRE : Alternative
[2026-06-08 08:34:47] INFO:     * TITLE : World's Smallest Violin
[2026-06-08 08:34:47] INFO:     * BitRate : 128
[2026-06-08 08:34:47] INFO:     * ALBUM_ARTIST : AJR
[2026-06-08 08:34:47] INFO: Traitement de la chanson : Akon_-_Lonely(256k).mp3
[2026-06-08 08:34:47] INFO:  - Chemin absolu initial : d:\IT.University\S6\Mr_Naina\playList-generator\songs\Akon_-_Lonely(256k).mp3
[2026-06-08 08:34:47] INFO:  - Fichier deplace avec succčs vers : D:\IT.University\S6\Mr_Naina\playList-generator\.\target_songs\Akon_-_Lonely(256k).mp3
[2026-06-08 08:34:47] INFO:  - Metadonnees extraites : 
[2026-06-08 08:34:47] INFO:     * COVER_ART : image/png::337721
[2026-06-08 08:34:47] INFO:     * ARTIST : Akon
[2026-06-08 08:34:47] INFO:     * SampleRate : 48000
[2026-06-08 08:34:47] INFO:     * Format : Mp3
[2026-06-08 08:34:47] INFO:     * YEAR : 2007
[2026-06-08 08:34:47] INFO:     * ALBUM : Essential 5
[2026-06-08 08:34:47] INFO:     * Duration (seconds) : 236
[2026-06-08 08:34:47] INFO:     * GENRE : Hip Hop
[2026-06-08 08:34:47] INFO:     * TITLE : Lonely
[2026-06-08 08:34:47] INFO:     * BitRate : 256
[2026-06-08 08:34:47] INFO:     * ALBUM_ARTIST : Akon
[2026-06-08 08:34:47] INFO: Traitement de la chanson : Alan_Walker,_Farruko___Sofia_Reyes_-_Old_Habits__Lyrics_(256k).mp3
[2026-06-08 08:34:47] INFO:  - Chemin absolu initial : d:\IT.University\S6\Mr_Naina\playList-generator\songs\Alan_Walker,_Farruko___Sofia_Reyes_-_Old_Habits__Lyrics_(256k).mp3
[2026-06-08 08:34:47] INFO:  - Fichier deplace avec succčs vers : D:\IT.University\S6\Mr_Naina\playList-generator\.\target_songs\Alan_Walker,_Farruko___Sofia_Reyes_-_Old_Habits__Lyrics_(256k).mp3
[2026-06-08 08:34:47] INFO:  - Metadonnees extraites : 
[2026-06-08 08:34:47] INFO:     * COVER_ART : image/png::338398
[2026-06-08 08:34:47] INFO:     * ARTIST : Alan Walker
[2026-06-08 08:34:47] INFO:     * SampleRate : 48000
[2026-06-08 08:34:47] INFO:     * Format : Mp3
[2026-06-08 08:34:47] INFO:     * YEAR : 2025
[2026-06-08 08:34:47] INFO:     * ALBUM : Old Habits (Main) feat. farruko,Sofía Reyes
[2026-06-08 08:34:47] INFO:     * Duration (seconds) : 198
[2026-06-08 08:34:47] INFO:     * TITLE : Old Habits (Main) feat. farruko,Sofía Reyes
[2026-06-08 08:34:47] INFO:     * BitRate : 128
[2026-06-08 08:34:47] INFO:     * ALBUM_ARTIST : Alan Walker
[2026-06-08 08:34:47] INFO: Traitement de la chanson : Alan_Walker,_K-391___Emelie_Hollow_-_Lily__Lyrics_(256k).mp3
[2026-06-08 08:34:47] INFO:  - Chemin absolu initial : d:\IT.University\S6\Mr_Naina\playList-generator\songs\Alan_Walker,_K-391___Emelie_Hollow_-_Lily__Lyrics_(256k).mp3
[2026-06-08 08:34:48] INFO:  - Fichier deplace avec succčs vers : D:\IT.University\S6\Mr_Naina\playList-generator\.\target_songs\Alan_Walker,_K-391___Emelie_Hollow_-_Lily__Lyrics_(256k).mp3
[2026-06-08 08:34:48] INFO:  - Metadonnees extraites : 
[2026-06-08 08:34:48] INFO:     * ARTIST : Alan Walker, K-391, Emelie Hollow
[2026-06-08 08:34:48] INFO:     * SampleRate : 48000
[2026-06-08 08:34:48] INFO:     * Format : Mp3
[2026-06-08 08:34:48] INFO:     * YEAR : 2019
[2026-06-08 08:34:48] INFO:     * ALBUM : Norske Hits - Gamle og nye favoritter
[2026-06-08 08:34:48] INFO:     * Duration (seconds) : 196
[2026-06-08 08:34:48] INFO:     * GENRE : Pop
[2026-06-08 08:34:48] INFO:     * TITLE : Lily
[2026-06-08 08:34:48] INFO:     * BitRate : 128
[2026-06-08 08:34:48] INFO:     * ALBUM_ARTIST : Alan Walker, K-391, Emelie Hollow
[2026-06-08 08:34:48] INFO: Traitement de la chanson : Alex_Warren_-_Carry_You_Home__Official_Video_(256k).mp3
[2026-06-08 08:34:48] INFO:  - Chemin absolu initial : d:\IT.University\S6\Mr_Naina\playList-generator\songs\Alex_Warren_-_Carry_You_Home__Official_Video_(256k).mp3
[2026-06-08 08:34:48] INFO:  - Fichier deplace avec succčs vers : D:\IT.University\S6\Mr_Naina\playList-generator\.\target_songs\Alex_Warren_-_Carry_You_Home__Official_Video_(256k).mp3
[2026-06-08 08:34:48] INFO:  - Metadonnees extraites : 
[2026-06-08 08:34:48] INFO:     * COVER_ART : image/png::653252
[2026-06-08 08:34:48] INFO:     * ARTIST : Alex Warren
[2026-06-08 08:34:48] INFO:     * SampleRate : 48000
[2026-06-08 08:34:48] INFO:     * Format : Mp3
[2026-06-08 08:34:48] INFO:     * YEAR : 2024
[2026-06-08 08:34:48] INFO:     * ALBUM : Carry You Home
[2026-06-08 08:34:48] INFO:     * Duration (seconds) : 188
[2026-06-08 08:34:48] INFO:     * GENRE : Pop
[2026-06-08 08:34:48] INFO:     * TITLE : Carry You Home
[2026-06-08 08:34:48] INFO:     * BitRate : 128
[2026-06-08 08:34:48] INFO:     * ALBUM_ARTIST : Alex Warren
[2026-06-08 08:34:48] INFO: Traitement de la chanson : Alex_Warren_-_Eternity__Official_Video_(256k).mp3
[2026-06-08 08:34:48] INFO:  - Chemin absolu initial : d:\IT.University\S6\Mr_Naina\playList-generator\songs\Alex_Warren_-_Eternity__Official_Video_(256k).mp3
[2026-06-08 08:34:48] INFO:  - Fichier deplace avec succčs vers : D:\IT.University\S6\Mr_Naina\playList-generator\.\target_songs\Alex_Warren_-_Eternity__Official_Video_(256k).mp3
[2026-06-08 08:34:48] INFO:  - Metadonnees extraites : 
[2026-06-08 08:34:48] INFO:     * SampleRate : 48000
[2026-06-08 08:34:48] INFO:     * Format : Mp3
[2026-06-08 08:34:48] INFO:     * Duration (seconds) : 205
[2026-06-08 08:34:48] INFO:     * BitRate : 128
[2026-06-08 08:34:48] INFO: Traitement de la chanson : Alex_Warren_-_Ordinary__Lyrics_(256k).mp3
[2026-06-08 08:34:48] INFO:  - Chemin absolu initial : d:\IT.University\S6\Mr_Naina\playList-generator\songs\Alex_Warren_-_Ordinary__Lyrics_(256k).mp3
[2026-06-08 08:34:48] INFO:  - Fichier deplace avec succčs vers : D:\IT.University\S6\Mr_Naina\playList-generator\.\target_songs\Alex_Warren_-_Ordinary__Lyrics_(256k).mp3
[2026-06-08 08:34:48] INFO:  - Metadonnees extraites : 
[2026-06-08 08:34:48] INFO:     * ARTIST : Alex Warren
[2026-06-08 08:34:48] INFO:     * SampleRate : 48000
[2026-06-08 08:34:48] INFO:     * Format : Mp3
[2026-06-08 08:34:48] INFO:     * YEAR : 2025
[2026-06-08 08:34:48] INFO:     * ALBUM : Ordinary
[2026-06-08 08:34:48] INFO:     * Duration (seconds) : 187
[2026-06-08 08:34:48] INFO:     * GENRE : Pop
[2026-06-08 08:34:48] INFO:     * TITLE : Ordinary
[2026-06-08 08:34:48] INFO:     * BitRate : 128
[2026-06-08 08:34:48] INFO:     * ALBUM_ARTIST : Alex Warren
[2026-06-08 08:34:48] INFO: Traitement de la chanson : Aqua_-_Barbie_Girl__Official_Music_Video_(256k).mp3
[2026-06-08 08:34:48] INFO:  - Chemin absolu initial : d:\IT.University\S6\Mr_Naina\playList-generator\songs\Aqua_-_Barbie_Girl__Official_Music_Video_(256k).mp3
[2026-06-08 08:34:48] INFO:  - Fichier deplace avec succčs vers : D:\IT.University\S6\Mr_Naina\playList-generator\.\target_songs\Aqua_-_Barbie_Girl__Official_Music_Video_(256k).mp3
[2026-06-08 08:34:48] INFO:  - Metadonnees extraites : 
[2026-06-08 08:34:48] INFO:     * COVER_ART : image/png::846955
[2026-06-08 08:34:48] INFO:     * ARTIST : Aqua
[2026-06-08 08:34:48] INFO:     * SampleRate : 48000
[2026-06-08 08:34:48] INFO:     * Format : Mp3
[2026-06-08 08:34:48] INFO:     * YEAR : 2007
[2026-06-08 08:34:48] INFO:     * ALBUM : Pop Party
[2026-06-08 08:34:48] INFO:     * Duration (seconds) : 201
[2026-06-08 08:34:48] INFO:     * GENRE : Hip Hop
[2026-06-08 08:34:48] INFO:     * TITLE : Barbie Girl
[2026-06-08 08:34:48] INFO:     * BitRate : 128
[2026-06-08 08:34:48] INFO:     * ALBUM_ARTIST : Aqua
[2026-06-08 08:34:48] INFO: Traitement de la chanson : _City_of_Stars___Duet_ft._Ryan_Gosling,_Emma_Stone__-_La_La_Land_Original_Motion_Picture_Soundtrack(256k).mp3
[2026-06-08 08:34:48] INFO:  - Chemin absolu initial : d:\IT.University\S6\Mr_Naina\playList-generator\songs\_City_of_Stars___Duet_ft._Ryan_Gosling,_Emma_Stone__-_La_La_Land_Original_Motion_Picture_Soundtrack(256k).mp3
[2026-06-08 08:34:48] INFO:  - Fichier deplace avec succčs vers : D:\IT.University\S6\Mr_Naina\playList-generator\.\target_songs\_City_of_Stars___Duet_ft._Ryan_Gosling,_Emma_Stone__-_La_La_Land_Original_Motion_Picture_Soundtrack(256k).mp3
[2026-06-08 08:34:48] INFO:  - Metadonnees extraites : 
[2026-06-08 08:34:48] INFO:     * COVER_ART : image/png::99209
[2026-06-08 08:34:48] INFO:     * ARTIST : Justin Hurwitz, Ryan Gosling, Emma Stone
[2026-06-08 08:34:48] INFO:     * SampleRate : 48000
[2026-06-08 08:34:48] INFO:     * Format : Mp3
[2026-06-08 08:34:48] INFO:     * YEAR : 2017
[2026-06-08 08:34:48] INFO:     * ALBUM : La La Land - The Complete Musical Experience
[2026-06-08 08:34:48] INFO:     * Duration (seconds) : 145
[2026-06-08 08:34:48] INFO:     * GENRE : Soundtrack
[2026-06-08 08:34:48] INFO:     * TITLE : City of Stars / May Finally Come True
[2026-06-08 08:34:48] INFO:     * BitRate : 128
[2026-06-08 08:34:48] INFO:     * ALBUM_ARTIST : Justin Hurwitz, Ryan Gosling, Emma Stone
[2026-06-08 08:34:48] INFO: Traitement de la chanson : _Vietsub_Lyrics__Best_Is_Yet_To_Come_-_Sandro_Cavazza(256k).mp3
[2026-06-08 08:34:48] INFO:  - Chemin absolu initial : d:\IT.University\S6\Mr_Naina\playList-generator\songs\_Vietsub_Lyrics__Best_Is_Yet_To_Come_-_Sandro_Cavazza(256k).mp3
[2026-06-08 08:34:48] INFO:  - Fichier deplace avec succčs vers : D:\IT.University\S6\Mr_Naina\playList-generator\.\target_songs\_Vietsub_Lyrics__Best_Is_Yet_To_Come_-_Sandro_Cavazza(256k).mp3
[2026-06-08 08:34:48] INFO:  - Metadonnees extraites : 
[2026-06-08 08:34:48] INFO:     * COVER_ART : image/png::599794
[2026-06-08 08:34:48] INFO:     * ARTIST : Sandro Cavazza
[2026-06-08 08:34:48] INFO:     * SampleRate : 48000
[2026-06-08 08:34:48] INFO:     * Format : Mp3
[2026-06-08 08:34:48] INFO:     * YEAR : 2020
[2026-06-08 08:34:48] INFO:     * ALBUM : Weird & Talkative
[2026-06-08 08:34:48] INFO:     * Duration (seconds) : 163
[2026-06-08 08:34:48] INFO:     * GENRE : Pop
[2026-06-08 08:34:48] INFO:     * TITLE : Best Is Yet To Come
[2026-06-08 08:34:48] INFO:     * BitRate : 256
[2026-06-08 08:34:48] INFO:     * ALBUM_ARTIST : Sandro Cavazza
[2026-06-08 08:34:48] INFO: FIN DE LA GeNeRATION DE LA PLAYLIST

[2026-06-08 08:39:48] INFO: DeBUT DE LA GeNeRATION DE LA PLAYLIST ET DU DePLACEMENT
[2026-06-08 08:39:48] INFO: Chemin absolu initial : d:\IT.University\S6\Mr_Naina\playList-generator\songs
[2026-06-08 08:39:48] INFO: Chemin absolu cible : D:\IT.University\S6\Mr_Naina\playList-generator\.\target_songs
[2026-06-08 08:39:48] INFO: Nombre total de chansons ŕ traiter : 0
[2026-06-08 08:39:48] INFO: FIN DE LA GeNeRATION DE LA PLAYLIST

[2026-06-08 08:44:48] INFO: DeBUT DE LA GeNeRATION DE LA PLAYLIST ET DU DePLACEMENT
[2026-06-08 08:44:48] INFO: Chemin absolu initial : d:\IT.University\S6\Mr_Naina\playList-generator\songs
[2026-06-08 08:44:48] INFO: Chemin absolu cible : D:\IT.University\S6\Mr_Naina\playList-generator\.\target_songs
[2026-06-08 08:44:48] INFO: Nombre total de chansons ŕ traiter : 0
[2026-06-08 08:44:48] INFO: FIN DE LA GeNeRATION DE LA PLAYLIST

[2026-06-08 08:49:49] INFO: DeBUT DE LA GeNeRATION DE LA PLAYLIST ET DU DePLACEMENT
[2026-06-08 08:49:49] INFO: Chemin absolu initial : d:\IT.University\S6\Mr_Naina\playList-generator\songs
[2026-06-08 08:49:49] INFO: Chemin absolu cible : D:\IT.University\S6\Mr_Naina\playList-generator\.\target_songs
[2026-06-08 08:49:49] INFO: Nombre total de chansons ŕ traiter : 10
[2026-06-08 08:49:49] INFO: Traitement de la chanson : JP_Cooper_-_Let_It_Be__The_Beatles_Cover_(256k).mp3
[2026-06-08 08:49:49] INFO:  - Chemin absolu initial : d:\IT.University\S6\Mr_Naina\playList-generator\songs\JP_Cooper_-_Let_It_Be__The_Beatles_Cover_(256k).mp3
[2026-06-08 08:49:49] INFO:  - Fichier deplace avec succčs vers : D:\IT.University\S6\Mr_Naina\playList-generator\.\target_songs\JP_Cooper_-_Let_It_Be__The_Beatles_Cover_(256k).mp3
[2026-06-08 08:49:49] INFO:  - Metadonnees extraites : 
[2026-06-08 08:49:49] INFO:     * COVER_ART : image/png::642876
[2026-06-08 08:49:49] INFO:     * ARTIST : JP Cooper
[2026-06-08 08:49:49] INFO:     * SampleRate : 48000
[2026-06-08 08:49:49] INFO:     * Format : Mp3
[2026-06-08 08:49:49] INFO:     * YEAR : 2018
[2026-06-08 08:49:49] INFO:     * ALBUM : Covers
[2026-06-08 08:49:49] INFO:     * Duration (seconds) : 217
[2026-06-08 08:49:49] INFO:     * TITLE : Let It Be
[2026-06-08 08:49:49] INFO:     * BitRate : 256
[2026-06-08 08:49:49] INFO:     * ALBUM_ARTIST : JP Cooper
[2026-06-08 08:49:49] INFO: Traitement de la chanson : JVKE_-_her__official_lyric_video_(256k).mp3
[2026-06-08 08:49:49] INFO:  - Chemin absolu initial : d:\IT.University\S6\Mr_Naina\playList-generator\songs\JVKE_-_her__official_lyric_video_(256k).mp3
[2026-06-08 08:49:49] INFO:  - Fichier deplace avec succčs vers : D:\IT.University\S6\Mr_Naina\playList-generator\.\target_songs\JVKE_-_her__official_lyric_video_(256k).mp3
[2026-06-08 08:49:49] INFO:  - Metadonnees extraites : 
[2026-06-08 08:49:49] INFO:     * COVER_ART : image/png::517011
[2026-06-08 08:49:49] INFO:     * ARTIST : JVKE
[2026-06-08 08:49:49] INFO:     * SampleRate : 48000
[2026-06-08 08:49:49] INFO:     * Format : Mp3
[2026-06-08 08:49:49] INFO:     * YEAR : 2024
[2026-06-08 08:49:49] INFO:     * ALBUM : her
[2026-06-08 08:49:49] INFO:     * Duration (seconds) : 172
[2026-06-08 08:49:49] INFO:     * GENRE : Pop
[2026-06-08 08:49:49] INFO:     * TITLE : her
[2026-06-08 08:49:49] INFO:     * BitRate : 128
[2026-06-08 08:49:49] INFO:     * ALBUM_ARTIST : JVKE
[2026-06-08 08:49:49] INFO: Traitement de la chanson : Keblack_-_Mood__Clip_Officiel_(256k).mp3
[2026-06-08 08:49:49] INFO:  - Chemin absolu initial : d:\IT.University\S6\Mr_Naina\playList-generator\songs\Keblack_-_Mood__Clip_Officiel_(256k).mp3
[2026-06-08 08:49:49] INFO:  - Fichier deplace avec succčs vers : D:\IT.University\S6\Mr_Naina\playList-generator\.\target_songs\Keblack_-_Mood__Clip_Officiel_(256k).mp3
[2026-06-08 08:49:49] INFO:  - Metadonnees extraites : 
[2026-06-08 08:49:49] INFO:     * COVER_ART : image/png::413481
[2026-06-08 08:49:49] INFO:     * ARTIST : KeBlack
[2026-06-08 08:49:49] INFO:     * SampleRate : 48000
[2026-06-08 08:49:49] INFO:     * Format : Mp3
[2026-06-08 08:49:49] INFO:     * YEAR : 2025
[2026-06-08 08:49:49] INFO:     * ALBUM : Mood
[2026-06-08 08:49:49] INFO:     * Duration (seconds) : 174
[2026-06-08 08:49:49] INFO:     * GENRE : Rap/Hip Hop
[2026-06-08 08:49:49] INFO:     * TITLE : Mood
[2026-06-08 08:49:49] INFO:     * BitRate : 128
[2026-06-08 08:49:49] INFO:     * ALBUM_ARTIST : KeBlack
[2026-06-08 08:49:49] INFO: Traitement de la chanson : Keblack_Ft._Guy2Bezbar_-_Melrose_Place__Clip_Officiel_(256k).mp3
[2026-06-08 08:49:49] INFO:  - Chemin absolu initial : d:\IT.University\S6\Mr_Naina\playList-generator\songs\Keblack_Ft._Guy2Bezbar_-_Melrose_Place__Clip_Officiel_(256k).mp3
[2026-06-08 08:49:49] INFO:  - Fichier deplace avec succčs vers : D:\IT.University\S6\Mr_Naina\playList-generator\.\target_songs\Keblack_Ft._Guy2Bezbar_-_Melrose_Place__Clip_Officiel_(256k).mp3
[2026-06-08 08:49:49] INFO:  - Metadonnees extraites : 
[2026-06-08 08:49:49] INFO:     * COVER_ART : image/png::413481
[2026-06-08 08:49:49] INFO:     * ARTIST : KeBlack, Guy2bezbar
[2026-06-08 08:49:49] INFO:     * SampleRate : 48000
[2026-06-08 08:49:49] INFO:     * Format : Mp3
[2026-06-08 08:49:49] INFO:     * YEAR : 2025
[2026-06-08 08:49:49] INFO:     * ALBUM : Focus Mentalité
[2026-06-08 08:49:49] INFO:     * Duration (seconds) : 155
[2026-06-08 08:49:49] INFO:     * GENRE : Rap/Hip Hop
[2026-06-08 08:49:49] INFO:     * TITLE : Melrose Place
[2026-06-08 08:49:49] INFO:     * BitRate : 128
[2026-06-08 08:49:49] INFO:     * ALBUM_ARTIST : KeBlack, Guy2bezbar
[2026-06-08 08:49:49] INFO: Traitement de la chanson : Kina_Grannis_-_Can_t_Help_Falling_In_Love__Piano_Version__Official_Stream(256k).mp3
[2026-06-08 08:49:49] INFO:  - Chemin absolu initial : d:\IT.University\S6\Mr_Naina\playList-generator\songs\Kina_Grannis_-_Can_t_Help_Falling_In_Love__Piano_Version__Official_Stream(256k).mp3
[2026-06-08 08:49:49] INFO:  - Fichier deplace avec succčs vers : D:\IT.University\S6\Mr_Naina\playList-generator\.\target_songs\Kina_Grannis_-_Can_t_Help_Falling_In_Love__Piano_Version__Official_Stream(256k).mp3
[2026-06-08 08:49:49] INFO:  - Metadonnees extraites : 
[2026-06-08 08:49:49] INFO:     * COVER_ART : image/png::814228
[2026-06-08 08:49:49] INFO:     * ARTIST : Kina Grannis
[2026-06-08 08:49:49] INFO:     * SampleRate : 48000
[2026-06-08 08:49:49] INFO:     * Format : Mp3
[2026-06-08 08:49:49] INFO:     * YEAR : 2017
[2026-06-08 08:49:49] INFO:     * ALBUM : Can't Help Falling In Love (Piano Version)
[2026-06-08 08:49:49] INFO:     * Duration (seconds) : 212
[2026-06-08 08:49:49] INFO:     * GENRE : Soundtrack
[2026-06-08 08:49:49] INFO:     * TITLE : Can't Help Falling In Love
[2026-06-08 08:49:49] INFO:     * BitRate : 128
[2026-06-08 08:49:49] INFO:     * ALBUM_ARTIST : Kina Grannis
[2026-06-08 08:49:49] INFO: Traitement de la chanson : Lady_Gaga,_Bruno_Mars_-_Die_With_A_Smile__Official_Music_Video_(256k).mp3
[2026-06-08 08:49:49] INFO:  - Chemin absolu initial : d:\IT.University\S6\Mr_Naina\playList-generator\songs\Lady_Gaga,_Bruno_Mars_-_Die_With_A_Smile__Official_Music_Video_(256k).mp3
[2026-06-08 08:49:49] INFO:  - Fichier deplace avec succčs vers : D:\IT.University\S6\Mr_Naina\playList-generator\.\target_songs\Lady_Gaga,_Bruno_Mars_-_Die_With_A_Smile__Official_Music_Video_(256k).mp3
[2026-06-08 08:49:49] INFO:  - Metadonnees extraites : 
[2026-06-08 08:49:49] INFO:     * COVER_ART : image/png::389590
[2026-06-08 08:49:49] INFO:     * ARTIST : Lady Gaga, Bruno Mars
[2026-06-08 08:49:49] INFO:     * SampleRate : 48000
[2026-06-08 08:49:49] INFO:     * Format : Mp3
[2026-06-08 08:49:49] INFO:     * YEAR : 2024
[2026-06-08 08:49:49] INFO:     * ALBUM : Die With A Smile
[2026-06-08 08:49:49] INFO:     * Duration (seconds) : 252
[2026-06-08 08:49:49] INFO:     * GENRE : Pop
[2026-06-08 08:49:49] INFO:     * TITLE : Die With A Smile
[2026-06-08 08:49:49] INFO:     * BitRate : 128
[2026-06-08 08:49:49] INFO:     * ALBUM_ARTIST : Lady Gaga, Bruno Mars
[2026-06-08 08:49:49] INFO: Traitement de la chanson : LARRY_ft_JOHANE_-_HIARA-DIA__Official_Video_(256k).mp3
[2026-06-08 08:49:49] INFO:  - Chemin absolu initial : d:\IT.University\S6\Mr_Naina\playList-generator\songs\LARRY_ft_JOHANE_-_HIARA-DIA__Official_Video_(256k).mp3
[2026-06-08 08:49:49] INFO:  - Fichier deplace avec succčs vers : D:\IT.University\S6\Mr_Naina\playList-generator\.\target_songs\LARRY_ft_JOHANE_-_HIARA-DIA__Official_Video_(256k).mp3
[2026-06-08 08:49:49] INFO:  - Metadonnees extraites : 
[2026-06-08 08:49:49] INFO:     * ARTIST : Johane, Larry
[2026-06-08 08:49:49] INFO:     * SampleRate : 48000
[2026-06-08 08:49:49] INFO:     * Format : Mp3
[2026-06-08 08:49:49] INFO:     * YEAR : 2024
[2026-06-08 08:49:49] INFO:     * ALBUM : Hiara-Dia
[2026-06-08 08:49:49] INFO:     * Duration (seconds) : 258
[2026-06-08 08:49:49] INFO:     * GENRE : Pop
[2026-06-08 08:49:49] INFO:     * TITLE : Hiara-Dia
[2026-06-08 08:49:49] INFO:     * BitRate : 128
[2026-06-08 08:49:49] INFO:     * ALBUM_ARTIST : Johane, Larry
[2026-06-08 08:49:49] INFO: Traitement de la chanson : Laufey_-_From_The_Start__Official_Music_Video_(256k).mp3
[2026-06-08 08:49:49] INFO:  - Chemin absolu initial : d:\IT.University\S6\Mr_Naina\playList-generator\songs\Laufey_-_From_The_Start__Official_Music_Video_(256k).mp3
[2026-06-08 08:49:49] INFO:  - Fichier deplace avec succčs vers : D:\IT.University\S6\Mr_Naina\playList-generator\.\target_songs\Laufey_-_From_The_Start__Official_Music_Video_(256k).mp3
[2026-06-08 08:49:49] INFO:  - Metadonnees extraites : 
[2026-06-08 08:49:49] INFO:     * SampleRate : 48000
[2026-06-08 08:49:49] INFO:     * Format : Mp3
[2026-06-08 08:49:49] INFO:     * Duration (seconds) : 170
[2026-06-08 08:49:49] INFO:     * BitRate : 128
[2026-06-08 08:49:49] INFO: Traitement de la chanson : La_Manigance_-_Kamelon_Aknose_Junior_Le_Jem’ss_P.L.L_Vanou_N_ken_Kikitox_Lijay_TKS2G__Clip_Officiel_(256k).mp3
[2026-06-08 08:49:49] INFO:  - Chemin absolu initial : d:\IT.University\S6\Mr_Naina\playList-generator\songs\La_Manigance_-_Kamelon_Aknose_Junior_Le_Jem’ss_P.L.L_Vanou_N_ken_Kikitox_Lijay_TKS2G__Clip_Officiel_(256k).mp3
[2026-06-08 08:49:49] INFO:  - Fichier deplace avec succčs vers : D:\IT.University\S6\Mr_Naina\playList-generator\.\target_songs\La_Manigance_-_Kamelon_Aknose_Junior_Le_Jem’ss_P.L.L_Vanou_N_ken_Kikitox_Lijay_TKS2G__Clip_Officiel_(256k).mp3
[2026-06-08 08:49:49] INFO:  - Metadonnees extraites : 
[2026-06-08 08:49:49] INFO:     * SampleRate : 48000
[2026-06-08 08:49:49] INFO:     * Format : Mp3
[2026-06-08 08:49:49] INFO:     * Duration (seconds) : 152
[2026-06-08 08:49:49] INFO:     * BitRate : 128
[2026-06-08 08:49:49] INFO: Traitement de la chanson : LIMO_-_Joggo__Lyrics_vidéo_(256k).mp3
[2026-06-08 08:49:49] INFO:  - Chemin absolu initial : d:\IT.University\S6\Mr_Naina\playList-generator\songs\LIMO_-_Joggo__Lyrics_vidéo_(256k).mp3
[2026-06-08 08:49:49] INFO:  - Fichier deplace avec succčs vers : D:\IT.University\S6\Mr_Naina\playList-generator\.\target_songs\LIMO_-_Joggo__Lyrics_vidéo_(256k).mp3
[2026-06-08 08:49:49] INFO:  - Metadonnees extraites : 
[2026-06-08 08:49:49] INFO:     * COVER_ART : image/png::400047
[2026-06-08 08:49:49] INFO:     * ARTIST : LIMO
[2026-06-08 08:49:49] INFO:     * SampleRate : 48000
[2026-06-08 08:49:49] INFO:     * Format : Mp3
[2026-06-08 08:49:49] INFO:     * YEAR : 2024
[2026-06-08 08:49:49] INFO:     * ALBUM : Joggo
[2026-06-08 08:49:49] INFO:     * Duration (seconds) : 125
[2026-06-08 08:49:49] INFO:     * TITLE : Joggo
[2026-06-08 08:49:49] INFO:     * BitRate : 128
[2026-06-08 08:49:49] INFO:     * ALBUM_ARTIST : LIMO
[2026-06-08 08:49:49] INFO: FIN DE LA GeNeRATION DE LA PLAYLIST

[2026-06-08 08:54:49] INFO: DeBUT DE LA GeNeRATION DE LA PLAYLIST ET DU DePLACEMENT
[2026-06-08 08:54:49] INFO: Chemin absolu initial : d:\IT.University\S6\Mr_Naina\playList-generator\songs
[2026-06-08 08:54:49] INFO: Chemin absolu cible : D:\IT.University\S6\Mr_Naina\playList-generator\.\target_songs
[2026-06-08 08:54:49] INFO: Nombre total de chansons ŕ traiter : 0
[2026-06-08 08:54:49] INFO: FIN DE LA GeNeRATION DE LA PLAYLIST

